ERROR - 2025-04-09 00:18:34 --> mysqli_sql_exception: You have an error in your SQL syntax; check the manual that corresponds to your MariaDB server version for the right syntax to use near '(80) NOT NULL,
	`email` VARCAHR(80) NOT NULL,
	`password_hash` VARCAHR(255) N...' at line 3 in C:\xampp\htdocs\code\system\Database\MySQLi\Connection.php:327
Stack trace:
#0 C:\xampp\htdocs\code\system\Database\MySQLi\Connection.php(327): mysqli->query('CREATE TABLE `u...', 0)
#1 C:\xampp\htdocs\code\system\Database\BaseConnection.php(738): CodeIgniter\Database\MySQLi\Connection->execute('CREATE TABLE `u...')
#2 C:\xampp\htdocs\code\system\Database\BaseConnection.php(652): CodeIgniter\Database\BaseConnection->simpleQuery('CREATE TABLE `u...')
#3 C:\xampp\htdocs\code\system\Database\Forge.php(570): CodeIgniter\Database\BaseConnection->query('CREATE TABLE `u...')
#4 C:\xampp\htdocs\code\app\Database\Migrations\2025-04-09-000734_CriarTabelaUsuarios.php(22): CodeIgniter\Database\Forge->createTable('usuarios')
#5 C:\xampp\htdocs\code\system\Database\MigrationRunner.php(866): App\Database\Migrations\CriarTabelaUsuarios->up()
#6 C:\xampp\htdocs\code\system\Database\MigrationRunner.php(182): CodeIgniter\Database\MigrationRunner->migrate('up', Object(stdClass))
#7 C:\xampp\htdocs\code\system\Commands\Database\Migrate.php(85): CodeIgniter\Database\MigrationRunner->latest(NULL)
#8 C:\xampp\htdocs\code\system\CLI\Commands.php(70): CodeIgniter\Commands\Database\Migrate->run(Array)
#9 C:\xampp\htdocs\code\system\CLI\Console.php(48): CodeIgniter\CLI\Commands->run('migrate', Array)
#10 C:\xampp\htdocs\code\system\Boot.php(360): CodeIgniter\CLI\Console->run()
#11 C:\xampp\htdocs\code\system\Boot.php(104): CodeIgniter\Boot::runCommand(Object(CodeIgniter\CLI\Console))
#12 C:\xampp\htdocs\code\spark(84): CodeIgniter\Boot::bootSpark(Object(Config\Paths))
#13 {main}
ERROR - 2025-04-09 00:19:04 --> mysqli_sql_exception: You have an error in your SQL syntax; check the manual that corresponds to your MariaDB server version for the right syntax to use near '(80) NOT NULL,
	`email` VARCHAR(80) NOT NULL,
	`password_hash` VARCAHR(255) N...' at line 3 in C:\xampp\htdocs\code\system\Database\MySQLi\Connection.php:327
Stack trace:
#0 C:\xampp\htdocs\code\system\Database\MySQLi\Connection.php(327): mysqli->query('CREATE TABLE `u...', 0)
#1 C:\xampp\htdocs\code\system\Database\BaseConnection.php(738): CodeIgniter\Database\MySQLi\Connection->execute('CREATE TABLE `u...')
#2 C:\xampp\htdocs\code\system\Database\BaseConnection.php(652): CodeIgniter\Database\BaseConnection->simpleQuery('CREATE TABLE `u...')
#3 C:\xampp\htdocs\code\system\Database\Forge.php(570): CodeIgniter\Database\BaseConnection->query('CREATE TABLE `u...')
#4 C:\xampp\htdocs\code\app\Database\Migrations\2025-04-09-000734_CriarTabelaUsuarios.php(22): CodeIgniter\Database\Forge->createTable('usuarios')
#5 C:\xampp\htdocs\code\system\Database\MigrationRunner.php(866): App\Database\Migrations\CriarTabelaUsuarios->up()
#6 C:\xampp\htdocs\code\system\Database\MigrationRunner.php(182): CodeIgniter\Database\MigrationRunner->migrate('up', Object(stdClass))
#7 C:\xampp\htdocs\code\system\Commands\Database\Migrate.php(85): CodeIgniter\Database\MigrationRunner->latest(NULL)
#8 C:\xampp\htdocs\code\system\CLI\Commands.php(70): CodeIgniter\Commands\Database\Migrate->run(Array)
#9 C:\xampp\htdocs\code\system\CLI\Console.php(48): CodeIgniter\CLI\Commands->run('migrate', Array)
#10 C:\xampp\htdocs\code\system\Boot.php(360): CodeIgniter\CLI\Console->run()
#11 C:\xampp\htdocs\code\system\Boot.php(104): CodeIgniter\Boot::runCommand(Object(CodeIgniter\CLI\Console))
#12 C:\xampp\htdocs\code\spark(84): CodeIgniter\Boot::bootSpark(Object(Config\Paths))
#13 {main}
ERROR - 2025-04-09 00:20:22 --> mysqli_sql_exception: You have an error in your SQL syntax; check the manual that corresponds to your MariaDB server version for the right syntax to use near '(80) NOT NULL,
	`email` VARCHAR(80) NOT NULL,
	`password_hash` VARCAHR(255) N...' at line 3 in C:\xampp\htdocs\code\system\Database\MySQLi\Connection.php:327
Stack trace:
#0 C:\xampp\htdocs\code\system\Database\MySQLi\Connection.php(327): mysqli->query('CREATE TABLE `u...', 0)
#1 C:\xampp\htdocs\code\system\Database\BaseConnection.php(738): CodeIgniter\Database\MySQLi\Connection->execute('CREATE TABLE `u...')
#2 C:\xampp\htdocs\code\system\Database\BaseConnection.php(652): CodeIgniter\Database\BaseConnection->simpleQuery('CREATE TABLE `u...')
#3 C:\xampp\htdocs\code\system\Database\Forge.php(570): CodeIgniter\Database\BaseConnection->query('CREATE TABLE `u...')
#4 C:\xampp\htdocs\code\app\Database\Migrations\2025-04-09-000734_CriarTabelaUsuarios.php(22): CodeIgniter\Database\Forge->createTable('usuarios')
#5 C:\xampp\htdocs\code\system\Database\MigrationRunner.php(866): App\Database\Migrations\CriarTabelaUsuarios->up()
#6 C:\xampp\htdocs\code\system\Database\MigrationRunner.php(182): CodeIgniter\Database\MigrationRunner->migrate('up', Object(stdClass))
#7 C:\xampp\htdocs\code\system\Commands\Database\Migrate.php(85): CodeIgniter\Database\MigrationRunner->latest(NULL)
#8 C:\xampp\htdocs\code\system\CLI\Commands.php(70): CodeIgniter\Commands\Database\Migrate->run(Array)
#9 C:\xampp\htdocs\code\system\CLI\Console.php(48): CodeIgniter\CLI\Commands->run('migrate', Array)
#10 C:\xampp\htdocs\code\system\Boot.php(360): CodeIgniter\CLI\Console->run()
#11 C:\xampp\htdocs\code\system\Boot.php(104): CodeIgniter\Boot::runCommand(Object(CodeIgniter\CLI\Console))
#12 C:\xampp\htdocs\code\spark(84): CodeIgniter\Boot::bootSpark(Object(Config\Paths))
#13 {main}
ERROR - 2025-04-09 00:20:52 --> mysqli_sql_exception: You have an error in your SQL syntax; check the manual that corresponds to your MariaDB server version for the right syntax to use near '(80) NOT NULL,
	`email` VARCHAR(80) NOT NULL,
	`password_hash` VARCAHR(255) N...' at line 3 in C:\xampp\htdocs\code\system\Database\MySQLi\Connection.php:327
Stack trace:
#0 C:\xampp\htdocs\code\system\Database\MySQLi\Connection.php(327): mysqli->query('CREATE TABLE `u...', 0)
#1 C:\xampp\htdocs\code\system\Database\BaseConnection.php(738): CodeIgniter\Database\MySQLi\Connection->execute('CREATE TABLE `u...')
#2 C:\xampp\htdocs\code\system\Database\BaseConnection.php(652): CodeIgniter\Database\BaseConnection->simpleQuery('CREATE TABLE `u...')
#3 C:\xampp\htdocs\code\system\Database\Forge.php(570): CodeIgniter\Database\BaseConnection->query('CREATE TABLE `u...')
#4 C:\xampp\htdocs\code\app\Database\Migrations\2025-04-09-000734_CriarTabelaUsuarios.php(22): CodeIgniter\Database\Forge->createTable('usuarios')
#5 C:\xampp\htdocs\code\system\Database\MigrationRunner.php(866): App\Database\Migrations\CriarTabelaUsuarios->up()
#6 C:\xampp\htdocs\code\system\Database\MigrationRunner.php(182): CodeIgniter\Database\MigrationRunner->migrate('up', Object(stdClass))
#7 C:\xampp\htdocs\code\system\Commands\Database\Migrate.php(85): CodeIgniter\Database\MigrationRunner->latest(NULL)
#8 C:\xampp\htdocs\code\system\CLI\Commands.php(70): CodeIgniter\Commands\Database\Migrate->run(Array)
#9 C:\xampp\htdocs\code\system\CLI\Console.php(48): CodeIgniter\CLI\Commands->run('migrate', Array)
#10 C:\xampp\htdocs\code\system\Boot.php(360): CodeIgniter\CLI\Console->run()
#11 C:\xampp\htdocs\code\system\Boot.php(104): CodeIgniter\Boot::runCommand(Object(CodeIgniter\CLI\Console))
#12 C:\xampp\htdocs\code\spark(84): CodeIgniter\Boot::bootSpark(Object(Config\Paths))
#13 {main}
ERROR - 2025-04-09 00:21:26 --> mysqli_sql_exception: You have an error in your SQL syntax; check the manual that corresponds to your MariaDB server version for the right syntax to use near '(80) NOT NULL,
	`email` VARCHAR(80) NOT NULL,
	`password_hash` VARCAHR(255) N...' at line 3 in C:\xampp\htdocs\code\system\Database\MySQLi\Connection.php:327
Stack trace:
#0 C:\xampp\htdocs\code\system\Database\MySQLi\Connection.php(327): mysqli->query('CREATE TABLE `u...', 0)
#1 C:\xampp\htdocs\code\system\Database\BaseConnection.php(738): CodeIgniter\Database\MySQLi\Connection->execute('CREATE TABLE `u...')
#2 C:\xampp\htdocs\code\system\Database\BaseConnection.php(652): CodeIgniter\Database\BaseConnection->simpleQuery('CREATE TABLE `u...')
#3 C:\xampp\htdocs\code\system\Database\Forge.php(570): CodeIgniter\Database\BaseConnection->query('CREATE TABLE `u...')
#4 C:\xampp\htdocs\code\app\Database\Migrations\2025-04-09-000734_CriarTabelaUsuarios.php(21): CodeIgniter\Database\Forge->createTable('usuarios')
#5 C:\xampp\htdocs\code\system\Database\MigrationRunner.php(866): App\Database\Migrations\CriarTabelaUsuarios->up()
#6 C:\xampp\htdocs\code\system\Database\MigrationRunner.php(182): CodeIgniter\Database\MigrationRunner->migrate('up', Object(stdClass))
#7 C:\xampp\htdocs\code\system\Commands\Database\Migrate.php(85): CodeIgniter\Database\MigrationRunner->latest(NULL)
#8 C:\xampp\htdocs\code\system\CLI\Commands.php(70): CodeIgniter\Commands\Database\Migrate->run(Array)
#9 C:\xampp\htdocs\code\system\CLI\Console.php(48): CodeIgniter\CLI\Commands->run('migrate', Array)
#10 C:\xampp\htdocs\code\system\Boot.php(360): CodeIgniter\CLI\Console->run()
#11 C:\xampp\htdocs\code\system\Boot.php(104): CodeIgniter\Boot::runCommand(Object(CodeIgniter\CLI\Console))
#12 C:\xampp\htdocs\code\spark(84): CodeIgniter\Boot::bootSpark(Object(Config\Paths))
#13 {main}
ERROR - 2025-04-09 00:22:03 --> mysqli_sql_exception: You have an error in your SQL syntax; check the manual that corresponds to your MariaDB server version for the right syntax to use near '(80) NOT NULL,
	`email` VARCHAR(80) NOT NULL,
	`password_hash` VARCAHR(255) N...' at line 3 in C:\xampp\htdocs\code\system\Database\MySQLi\Connection.php:327
Stack trace:
#0 C:\xampp\htdocs\code\system\Database\MySQLi\Connection.php(327): mysqli->query('CREATE TABLE `u...', 0)
#1 C:\xampp\htdocs\code\system\Database\BaseConnection.php(738): CodeIgniter\Database\MySQLi\Connection->execute('CREATE TABLE `u...')
#2 C:\xampp\htdocs\code\system\Database\BaseConnection.php(652): CodeIgniter\Database\BaseConnection->simpleQuery('CREATE TABLE `u...')
#3 C:\xampp\htdocs\code\system\Database\Forge.php(570): CodeIgniter\Database\BaseConnection->query('CREATE TABLE `u...')
#4 C:\xampp\htdocs\code\app\Database\Migrations\2025-04-09-000734_CriarTabelaUsuarios.php(21): CodeIgniter\Database\Forge->createTable('usuarios')
#5 C:\xampp\htdocs\code\system\Database\MigrationRunner.php(866): App\Database\Migrations\CriarTabelaUsuarios->up()
#6 C:\xampp\htdocs\code\system\Database\MigrationRunner.php(182): CodeIgniter\Database\MigrationRunner->migrate('up', Object(stdClass))
#7 C:\xampp\htdocs\code\system\Commands\Database\Migrate.php(85): CodeIgniter\Database\MigrationRunner->latest(NULL)
#8 C:\xampp\htdocs\code\system\CLI\Commands.php(70): CodeIgniter\Commands\Database\Migrate->run(Array)
#9 C:\xampp\htdocs\code\system\CLI\Console.php(48): CodeIgniter\CLI\Commands->run('migrate', Array)
#10 C:\xampp\htdocs\code\system\Boot.php(360): CodeIgniter\CLI\Console->run()
#11 C:\xampp\htdocs\code\system\Boot.php(104): CodeIgniter\Boot::runCommand(Object(CodeIgniter\CLI\Console))
#12 C:\xampp\htdocs\code\spark(84): CodeIgniter\Boot::bootSpark(Object(Config\Paths))
#13 {main}
ERROR - 2025-04-09 00:24:56 --> mysqli_sql_exception: You have an error in your SQL syntax; check the manual that corresponds to your MariaDB server version for the right syntax to use near 'NULL,
	`update_at` DATATIME NULL,
	CONSTRAINT `pk_usuarios` PRIMARY KEY(`id`)...' at line 6 in C:\xampp\htdocs\code\system\Database\MySQLi\Connection.php:327
Stack trace:
#0 C:\xampp\htdocs\code\system\Database\MySQLi\Connection.php(327): mysqli->query('CREATE TABLE `u...', 0)
#1 C:\xampp\htdocs\code\system\Database\BaseConnection.php(738): CodeIgniter\Database\MySQLi\Connection->execute('CREATE TABLE `u...')
#2 C:\xampp\htdocs\code\system\Database\BaseConnection.php(652): CodeIgniter\Database\BaseConnection->simpleQuery('CREATE TABLE `u...')
#3 C:\xampp\htdocs\code\system\Database\Forge.php(570): CodeIgniter\Database\BaseConnection->query('CREATE TABLE `u...')
#4 C:\xampp\htdocs\code\app\Database\Migrations\2025-04-09-000734_CriarTabelaUsuarios.php(21): CodeIgniter\Database\Forge->createTable('usuarios')
#5 C:\xampp\htdocs\code\system\Database\MigrationRunner.php(866): App\Database\Migrations\CriarTabelaUsuarios->up()
#6 C:\xampp\htdocs\code\system\Database\MigrationRunner.php(182): CodeIgniter\Database\MigrationRunner->migrate('up', Object(stdClass))
#7 C:\xampp\htdocs\code\system\Commands\Database\Migrate.php(85): CodeIgniter\Database\MigrationRunner->latest(NULL)
#8 C:\xampp\htdocs\code\system\CLI\Commands.php(70): CodeIgniter\Commands\Database\Migrate->run(Array)
#9 C:\xampp\htdocs\code\system\CLI\Console.php(48): CodeIgniter\CLI\Commands->run('migrate', Array)
#10 C:\xampp\htdocs\code\system\Boot.php(360): CodeIgniter\CLI\Console->run()
#11 C:\xampp\htdocs\code\system\Boot.php(104): CodeIgniter\Boot::runCommand(Object(CodeIgniter\CLI\Console))
#12 C:\xampp\htdocs\code\spark(84): CodeIgniter\Boot::bootSpark(Object(Config\Paths))
#13 {main}
ERROR - 2025-04-09 01:10:22 --> Error connecting to the database: mysqli_sql_exception: Unknown database 'bdprogweb' in C:\xampp\htdocs\code\system\Database\MySQLi\Connection.php:201
Stack trace:
#0 C:\xampp\htdocs\code\system\Database\MySQLi\Connection.php(201): mysqli->real_connect('localhost', 'root', Object(SensitiveParameterValue), 'bdprogweb', 3306, '', 0)
#1 C:\xampp\htdocs\code\system\Database\BaseConnection.php(421): CodeIgniter\Database\MySQLi\Connection->connect(false)
#2 C:\xampp\htdocs\code\system\Database\BaseConnection.php(620): CodeIgniter\Database\BaseConnection->initialize()
#3 C:\xampp\htdocs\code\system\Database\BaseBuilder.php(1733): CodeIgniter\Database\BaseConnection->query('SELECT COUNT(*)...', Array, false)
#4 C:\xampp\htdocs\code\system\Model.php(676): CodeIgniter\Database\BaseBuilder->countAllResults(false)
#5 C:\xampp\htdocs\code\system\BaseModel.php(1283): CodeIgniter\Model->countAllResults(false)
#6 C:\xampp\htdocs\code\app\Controllers\ProdutoController.php(45): CodeIgniter\BaseModel->paginate(10)
#7 C:\xampp\htdocs\code\system\CodeIgniter.php(933): App\Controllers\ProdutoController->index()
#8 C:\xampp\htdocs\code\system\CodeIgniter.php(507): CodeIgniter\CodeIgniter->runController(Object(App\Controllers\ProdutoController))
#9 C:\xampp\htdocs\code\system\CodeIgniter.php(354): CodeIgniter\CodeIgniter->handleRequest(NULL, Object(Config\Cache), false)
#10 C:\xampp\htdocs\code\system\Boot.php(334): CodeIgniter\CodeIgniter->run()
#11 C:\xampp\htdocs\code\system\Boot.php(67): CodeIgniter\Boot::runCodeIgniter(Object(CodeIgniter\CodeIgniter))
#12 C:\xampp\htdocs\code\public\index.php(56): CodeIgniter\Boot::bootWeb(Object(Config\Paths))
#13 {main}

Next CodeIgniter\Database\Exceptions\DatabaseException: Unknown database 'bdprogweb' in C:\xampp\htdocs\code\system\Database\MySQLi\Connection.php:246
Stack trace:
#0 C:\xampp\htdocs\code\system\Database\BaseConnection.php(421): CodeIgniter\Database\MySQLi\Connection->connect(false)
#1 C:\xampp\htdocs\code\system\Database\BaseConnection.php(620): CodeIgniter\Database\BaseConnection->initialize()
#2 C:\xampp\htdocs\code\system\Database\BaseBuilder.php(1733): CodeIgniter\Database\BaseConnection->query('SELECT COUNT(*)...', Array, false)
#3 C:\xampp\htdocs\code\system\Model.php(676): CodeIgniter\Database\BaseBuilder->countAllResults(false)
#4 C:\xampp\htdocs\code\system\BaseModel.php(1283): CodeIgniter\Model->countAllResults(false)
#5 C:\xampp\htdocs\code\app\Controllers\ProdutoController.php(45): CodeIgniter\BaseModel->paginate(10)
#6 C:\xampp\htdocs\code\system\CodeIgniter.php(933): App\Controllers\ProdutoController->index()
#7 C:\xampp\htdocs\code\system\CodeIgniter.php(507): CodeIgniter\CodeIgniter->runController(Object(App\Controllers\ProdutoController))
#8 C:\xampp\htdocs\code\system\CodeIgniter.php(354): CodeIgniter\CodeIgniter->handleRequest(NULL, Object(Config\Cache), false)
#9 C:\xampp\htdocs\code\system\Boot.php(334): CodeIgniter\CodeIgniter->run()
#10 C:\xampp\htdocs\code\system\Boot.php(67): CodeIgniter\Boot::runCodeIgniter(Object(CodeIgniter\CodeIgniter))
#11 C:\xampp\htdocs\code\public\index.php(56): CodeIgniter\Boot::bootWeb(Object(Config\Paths))
#12 {main}
CRITICAL - 2025-04-09 01:10:22 --> CodeIgniter\Database\Exceptions\DatabaseException: Unable to connect to the database.
Main connection [MySQLi]: Unknown database 'bdprogweb'
[Method: GET, Route: produtos]
in SYSTEMPATH\Database\BaseConnection.php on line 467.
 1 SYSTEMPATH\Database\BaseConnection.php(620): CodeIgniter\Database\BaseConnection->initialize()
 2 SYSTEMPATH\Database\BaseBuilder.php(1733): CodeIgniter\Database\BaseConnection->query('SELECT COUNT(*) AS `numrows`
FROM `produtos`', [], false)
 3 SYSTEMPATH\Model.php(676): CodeIgniter\Database\BaseBuilder->countAllResults(false)
 4 SYSTEMPATH\BaseModel.php(1283): CodeIgniter\Model->countAllResults(false)
 5 APPPATH\Controllers\ProdutoController.php(45): CodeIgniter\BaseModel->paginate(10)
 6 SYSTEMPATH\CodeIgniter.php(933): App\Controllers\ProdutoController->index()
 7 SYSTEMPATH\CodeIgniter.php(507): CodeIgniter\CodeIgniter->runController(Object(App\Controllers\ProdutoController))
 8 SYSTEMPATH\CodeIgniter.php(354): CodeIgniter\CodeIgniter->handleRequest(null, Object(Config\Cache), false)
 9 SYSTEMPATH\Boot.php(334): CodeIgniter\CodeIgniter->run()
10 SYSTEMPATH\Boot.php(67): CodeIgniter\Boot::runCodeIgniter(Object(CodeIgniter\CodeIgniter))
11 FCPATH\index.php(56): CodeIgniter\Boot::bootWeb(Object(Config\Paths))
ERROR - 2025-04-09 01:10:31 --> Error connecting to the database: mysqli_sql_exception: Unknown database 'bdprogweb' in C:\xampp\htdocs\code\system\Database\MySQLi\Connection.php:201
Stack trace:
#0 C:\xampp\htdocs\code\system\Database\MySQLi\Connection.php(201): mysqli->real_connect('localhost', 'root', Object(SensitiveParameterValue), 'bdprogweb', 3306, '', 0)
#1 C:\xampp\htdocs\code\system\Database\BaseConnection.php(421): CodeIgniter\Database\MySQLi\Connection->connect(false)
#2 C:\xampp\htdocs\code\system\Database\BaseConnection.php(620): CodeIgniter\Database\BaseConnection->initialize()
#3 C:\xampp\htdocs\code\app\Controllers\HomeController.php(78): CodeIgniter\Database\BaseConnection->query('SELECT * FROM c...')
#4 C:\xampp\htdocs\code\system\CodeIgniter.php(933): App\Controllers\HomeController->Listar()
#5 C:\xampp\htdocs\code\system\CodeIgniter.php(507): CodeIgniter\CodeIgniter->runController(Object(App\Controllers\HomeController))
#6 C:\xampp\htdocs\code\system\CodeIgniter.php(354): CodeIgniter\CodeIgniter->handleRequest(NULL, Object(Config\Cache), false)
#7 C:\xampp\htdocs\code\system\Boot.php(334): CodeIgniter\CodeIgniter->run()
#8 C:\xampp\htdocs\code\system\Boot.php(67): CodeIgniter\Boot::runCodeIgniter(Object(CodeIgniter\CodeIgniter))
#9 C:\xampp\htdocs\code\public\index.php(56): CodeIgniter\Boot::bootWeb(Object(Config\Paths))
#10 {main}

Next CodeIgniter\Database\Exceptions\DatabaseException: Unknown database 'bdprogweb' in C:\xampp\htdocs\code\system\Database\MySQLi\Connection.php:246
Stack trace:
#0 C:\xampp\htdocs\code\system\Database\BaseConnection.php(421): CodeIgniter\Database\MySQLi\Connection->connect(false)
#1 C:\xampp\htdocs\code\system\Database\BaseConnection.php(620): CodeIgniter\Database\BaseConnection->initialize()
#2 C:\xampp\htdocs\code\app\Controllers\HomeController.php(78): CodeIgniter\Database\BaseConnection->query('SELECT * FROM c...')
#3 C:\xampp\htdocs\code\system\CodeIgniter.php(933): App\Controllers\HomeController->Listar()
#4 C:\xampp\htdocs\code\system\CodeIgniter.php(507): CodeIgniter\CodeIgniter->runController(Object(App\Controllers\HomeController))
#5 C:\xampp\htdocs\code\system\CodeIgniter.php(354): CodeIgniter\CodeIgniter->handleRequest(NULL, Object(Config\Cache), false)
#6 C:\xampp\htdocs\code\system\Boot.php(334): CodeIgniter\CodeIgniter->run()
#7 C:\xampp\htdocs\code\system\Boot.php(67): CodeIgniter\Boot::runCodeIgniter(Object(CodeIgniter\CodeIgniter))
#8 C:\xampp\htdocs\code\public\index.php(56): CodeIgniter\Boot::bootWeb(Object(Config\Paths))
#9 {main}
CRITICAL - 2025-04-09 01:10:31 --> CodeIgniter\Database\Exceptions\DatabaseException: Unable to connect to the database.
Main connection [MySQLi]: Unknown database 'bdprogweb'
[Method: GET, Route: listar]
in SYSTEMPATH\Database\BaseConnection.php on line 467.
 1 SYSTEMPATH\Database\BaseConnection.php(620): CodeIgniter\Database\BaseConnection->initialize()
 2 APPPATH\Controllers\HomeController.php(78): CodeIgniter\Database\BaseConnection->query('SELECT * FROM contatos')
 3 SYSTEMPATH\CodeIgniter.php(933): App\Controllers\HomeController->Listar()
 4 SYSTEMPATH\CodeIgniter.php(507): CodeIgniter\CodeIgniter->runController(Object(App\Controllers\HomeController))
 5 SYSTEMPATH\CodeIgniter.php(354): CodeIgniter\CodeIgniter->handleRequest(null, Object(Config\Cache), false)
 6 SYSTEMPATH\Boot.php(334): CodeIgniter\CodeIgniter->run()
 7 SYSTEMPATH\Boot.php(67): CodeIgniter\Boot::runCodeIgniter(Object(CodeIgniter\CodeIgniter))
 8 FCPATH\index.php(56): CodeIgniter\Boot::bootWeb(Object(Config\Paths))
