DEBUG - 2025-06-08 13:22:34 --> Session: Class initialized using 'CodeIgniter\Session\Handlers\FileHandler' driver.
CRITICAL - 2025-06-08 13:22:35 --> TypeError: App\Models\ProdutoModel::getProdutosPorUsuarioComCategoriaECapa(): Argument #1 ($usuarioId) must be of type int, null given, called in C:\xampp\htdocs\code\app\Controllers\ProdutoController.php on line 49
[Method: GET, Route: produtos]
in APPPATH\Models\ProdutoModel.php on line 24.
 1 APPPATH\Controllers\ProdutoController.php(49): App\Models\ProdutoModel->getProdutosPorUsuarioComCategoriaECapa(null)
 2 SYSTEMPATH\CodeIgniter.php(933): App\Controllers\ProdutoController->index()
 3 SYSTEMPATH\CodeIgniter.php(507): CodeIgniter\CodeIgniter->runController(Object(App\Controllers\ProdutoController))
 4 SYSTEMPATH\CodeIgniter.php(354): CodeIgniter\CodeIgniter->handleRequest(null, Object(Config\Cache), false)
 5 SYSTEMPATH\Boot.php(334): CodeIgniter\CodeIgniter->run()
 6 SYSTEMPATH\Boot.php(67): CodeIgniter\Boot::runCodeIgniter(Object(CodeIgniter\CodeIgniter))
 7 FCPATH\index.php(56): CodeIgniter\Boot::bootWeb(Object(Config\Paths))
DEBUG - 2025-06-08 13:22:37 --> Session: Class initialized using 'CodeIgniter\Session\Handlers\FileHandler' driver.
CRITICAL - 2025-06-08 13:22:37 --> TypeError: App\Models\ProdutoModel::getProdutosPorUsuarioComCategoriaECapa(): Argument #1 ($usuarioId) must be of type int, null given, called in C:\xampp\htdocs\code\app\Controllers\ProdutoController.php on line 49
[Method: GET, Route: produtos]
in APPPATH\Models\ProdutoModel.php on line 24.
 1 APPPATH\Controllers\ProdutoController.php(49): App\Models\ProdutoModel->getProdutosPorUsuarioComCategoriaECapa(null)
 2 SYSTEMPATH\CodeIgniter.php(933): App\Controllers\ProdutoController->index()
 3 SYSTEMPATH\CodeIgniter.php(507): CodeIgniter\CodeIgniter->runController(Object(App\Controllers\ProdutoController))
 4 SYSTEMPATH\CodeIgniter.php(354): CodeIgniter\CodeIgniter->handleRequest(null, Object(Config\Cache), false)
 5 SYSTEMPATH\Boot.php(334): CodeIgniter\CodeIgniter->run()
 6 SYSTEMPATH\Boot.php(67): CodeIgniter\Boot::runCodeIgniter(Object(CodeIgniter\CodeIgniter))
 7 FCPATH\index.php(56): CodeIgniter\Boot::bootWeb(Object(Config\Paths))
DEBUG - 2025-06-08 13:26:14 --> Session: Class initialized using 'CodeIgniter\Session\Handlers\FileHandler' driver.
DEBUG - 2025-06-08 13:26:23 --> Session: Class initialized using 'CodeIgniter\Session\Handlers\FileHandler' driver.
DEBUG - 2025-06-08 13:26:23 --> Session: Class initialized using 'CodeIgniter\Session\Handlers\FileHandler' driver.
DEBUG - 2025-06-08 13:26:43 --> Session: Class initialized using 'CodeIgniter\Session\Handlers\FileHandler' driver.
DEBUG - 2025-06-08 13:26:45 --> Session: Class initialized using 'CodeIgniter\Session\Handlers\FileHandler' driver.
DEBUG - 2025-06-08 13:30:02 --> Session: Class initialized using 'CodeIgniter\Session\Handlers\FileHandler' driver.
DEBUG - 2025-06-08 13:37:08 --> Session: Class initialized using 'CodeIgniter\Session\Handlers\FileHandler' driver.
DEBUG - 2025-06-08 13:38:18 --> Session: Class initialized using 'CodeIgniter\Session\Handlers\FileHandler' driver.
DEBUG - 2025-06-08 13:38:19 --> Session: Class initialized using 'CodeIgniter\Session\Handlers\FileHandler' driver.
DEBUG - 2025-06-08 13:38:19 --> Session: Class initialized using 'CodeIgniter\Session\Handlers\FileHandler' driver.
DEBUG - 2025-06-08 13:38:22 --> Session: Class initialized using 'CodeIgniter\Session\Handlers\FileHandler' driver.
DEBUG - 2025-06-08 13:38:22 --> Session: Class initialized using 'CodeIgniter\Session\Handlers\FileHandler' driver.
ERROR - 2025-06-08 13:48:17 --> mysqli_sql_exception: Unknown column 'usuarios.nome' in 'field list' in C:\xampp\htdocs\code\system\Database\MySQLi\Connection.php:327
Stack trace:
#0 C:\xampp\htdocs\code\system\Database\MySQLi\Connection.php(327): mysqli->query('SELECT `produto...', 0)
#1 C:\xampp\htdocs\code\system\Database\BaseConnection.php(738): CodeIgniter\Database\MySQLi\Connection->execute('SELECT `produto...')
#2 C:\xampp\htdocs\code\system\Database\BaseConnection.php(652): CodeIgniter\Database\BaseConnection->simpleQuery('SELECT `produto...')
#3 C:\xampp\htdocs\code\system\Database\BaseBuilder.php(1649): CodeIgniter\Database\BaseConnection->query('SELECT `produto...', Array, false)
#4 C:\xampp\htdocs\code\system\Model.php(210): CodeIgniter\Database\BaseBuilder->get()
#5 C:\xampp\htdocs\code\system\BaseModel.php(609): CodeIgniter\Model->doFind(true, '6')
#6 C:\xampp\htdocs\code\app\Controllers\LojaController.php(29): CodeIgniter\BaseModel->find('6')
#7 C:\xampp\htdocs\code\system\CodeIgniter.php(933): App\Controllers\LojaController->detalhes('6')
#8 C:\xampp\htdocs\code\system\CodeIgniter.php(507): CodeIgniter\CodeIgniter->runController(Object(App\Controllers\LojaController))
#9 C:\xampp\htdocs\code\system\CodeIgniter.php(354): CodeIgniter\CodeIgniter->handleRequest(NULL, Object(Config\Cache), false)
#10 C:\xampp\htdocs\code\system\Boot.php(334): CodeIgniter\CodeIgniter->run()
#11 C:\xampp\htdocs\code\system\Boot.php(67): CodeIgniter\Boot::runCodeIgniter(Object(CodeIgniter\CodeIgniter))
#12 C:\xampp\htdocs\code\public\index.php(56): CodeIgniter\Boot::bootWeb(Object(Config\Paths))
#13 {main}
CRITICAL - 2025-06-08 13:48:17 --> CodeIgniter\Database\Exceptions\DatabaseException: Unknown column 'usuarios.nome' in 'field list'
[Method: GET, Route: produtos/detalhes/6]
in SYSTEMPATH\Database\BaseConnection.php on line 692.
 1 SYSTEMPATH\Database\BaseBuilder.php(1649): CodeIgniter\Database\BaseConnection->query('SELECT `produtos`.*, `usuarios`.`nome` as `nome_vendedor`
FROM `produtos`
LEFT JOIN `usuarios` ON `usuarios`.`id` = `produtos`.`usuario_id`
WHERE `produtos`.`id` = :produtos.id:', [...], false)
 2 SYSTEMPATH\Model.php(210): CodeIgniter\Database\BaseBuilder->get()
 3 SYSTEMPATH\BaseModel.php(609): CodeIgniter\Model->doFind(true, '6')
 4 APPPATH\Controllers\LojaController.php(29): CodeIgniter\BaseModel->find('6')
 5 SYSTEMPATH\CodeIgniter.php(933): App\Controllers\LojaController->detalhes('6')
 6 SYSTEMPATH\CodeIgniter.php(507): CodeIgniter\CodeIgniter->runController(Object(App\Controllers\LojaController))
 7 SYSTEMPATH\CodeIgniter.php(354): CodeIgniter\CodeIgniter->handleRequest(null, Object(Config\Cache), false)
 8 SYSTEMPATH\Boot.php(334): CodeIgniter\CodeIgniter->run()
 9 SYSTEMPATH\Boot.php(67): CodeIgniter\Boot::runCodeIgniter(Object(CodeIgniter\CodeIgniter))
10 FCPATH\index.php(56): CodeIgniter\Boot::bootWeb(Object(Config\Paths))
CRITICAL - 2025-06-08 13:48:17 --> [Caused by] CodeIgniter\Database\Exceptions\DatabaseException: Unknown column 'usuarios.nome' in 'field list'
in SYSTEMPATH\Database\MySQLi\Connection.php on line 332.
 1 SYSTEMPATH\Database\BaseConnection.php(738): CodeIgniter\Database\MySQLi\Connection->execute('SELECT `produtos`.*, `usuarios`.`nome` as `nome_vendedor`
FROM `produtos`
LEFT JOIN `usuarios` ON `usuarios`.`id` = `produtos`.`usuario_id`
WHERE `produtos`.`id` = \'6\'')
 2 SYSTEMPATH\Database\BaseConnection.php(652): CodeIgniter\Database\BaseConnection->simpleQuery('SELECT `produtos`.*, `usuarios`.`nome` as `nome_vendedor`
FROM `produtos`
LEFT JOIN `usuarios` ON `usuarios`.`id` = `produtos`.`usuario_id`
WHERE `produtos`.`id` = \'6\'')
 3 SYSTEMPATH\Database\BaseBuilder.php(1649): CodeIgniter\Database\BaseConnection->query('SELECT `produtos`.*, `usuarios`.`nome` as `nome_vendedor`
FROM `produtos`
LEFT JOIN `usuarios` ON `usuarios`.`id` = `produtos`.`usuario_id`
WHERE `produtos`.`id` = :produtos.id:', [...], false)
 4 SYSTEMPATH\Model.php(210): CodeIgniter\Database\BaseBuilder->get()
 5 SYSTEMPATH\BaseModel.php(609): CodeIgniter\Model->doFind(true, '6')
 6 APPPATH\Controllers\LojaController.php(29): CodeIgniter\BaseModel->find('6')
 7 SYSTEMPATH\CodeIgniter.php(933): App\Controllers\LojaController->detalhes('6')
 8 SYSTEMPATH\CodeIgniter.php(507): CodeIgniter\CodeIgniter->runController(Object(App\Controllers\LojaController))
 9 SYSTEMPATH\CodeIgniter.php(354): CodeIgniter\CodeIgniter->handleRequest(null, Object(Config\Cache), false)
10 SYSTEMPATH\Boot.php(334): CodeIgniter\CodeIgniter->run()
11 SYSTEMPATH\Boot.php(67): CodeIgniter\Boot::runCodeIgniter(Object(CodeIgniter\CodeIgniter))
12 FCPATH\index.php(56): CodeIgniter\Boot::bootWeb(Object(Config\Paths))
CRITICAL - 2025-06-08 13:48:17 --> [Caused by] mysqli_sql_exception: Unknown column 'usuarios.nome' in 'field list'
in SYSTEMPATH\Database\MySQLi\Connection.php on line 327.
 1 SYSTEMPATH\Database\MySQLi\Connection.php(327): mysqli->query('SELECT `produtos`.*, `usuarios`.`nome` as `nome_vendedor`
FROM `produtos`
LEFT JOIN `usuarios` ON `usuarios`.`id` = `produtos`.`usuario_id`
WHERE `produtos`.`id` = \'6\'', 0)
 2 SYSTEMPATH\Database\BaseConnection.php(738): CodeIgniter\Database\MySQLi\Connection->execute('SELECT `produtos`.*, `usuarios`.`nome` as `nome_vendedor`
FROM `produtos`
LEFT JOIN `usuarios` ON `usuarios`.`id` = `produtos`.`usuario_id`
WHERE `produtos`.`id` = \'6\'')
 3 SYSTEMPATH\Database\BaseConnection.php(652): CodeIgniter\Database\BaseConnection->simpleQuery('SELECT `produtos`.*, `usuarios`.`nome` as `nome_vendedor`
FROM `produtos`
LEFT JOIN `usuarios` ON `usuarios`.`id` = `produtos`.`usuario_id`
WHERE `produtos`.`id` = \'6\'')
 4 SYSTEMPATH\Database\BaseBuilder.php(1649): CodeIgniter\Database\BaseConnection->query('SELECT `produtos`.*, `usuarios`.`nome` as `nome_vendedor`
FROM `produtos`
LEFT JOIN `usuarios` ON `usuarios`.`id` = `produtos`.`usuario_id`
WHERE `produtos`.`id` = :produtos.id:', [...], false)
 5 SYSTEMPATH\Model.php(210): CodeIgniter\Database\BaseBuilder->get()
 6 SYSTEMPATH\BaseModel.php(609): CodeIgniter\Model->doFind(true, '6')
 7 APPPATH\Controllers\LojaController.php(29): CodeIgniter\BaseModel->find('6')
 8 SYSTEMPATH\CodeIgniter.php(933): App\Controllers\LojaController->detalhes('6')
 9 SYSTEMPATH\CodeIgniter.php(507): CodeIgniter\CodeIgniter->runController(Object(App\Controllers\LojaController))
10 SYSTEMPATH\CodeIgniter.php(354): CodeIgniter\CodeIgniter->handleRequest(null, Object(Config\Cache), false)
11 SYSTEMPATH\Boot.php(334): CodeIgniter\CodeIgniter->run()
12 SYSTEMPATH\Boot.php(67): CodeIgniter\Boot::runCodeIgniter(Object(CodeIgniter\CodeIgniter))
13 FCPATH\index.php(56): CodeIgniter\Boot::bootWeb(Object(Config\Paths))
ERROR - 2025-06-08 13:48:21 --> mysqli_sql_exception: Unknown column 'usuarios.nome' in 'field list' in C:\xampp\htdocs\code\system\Database\MySQLi\Connection.php:327
Stack trace:
#0 C:\xampp\htdocs\code\system\Database\MySQLi\Connection.php(327): mysqli->query('SELECT `produto...', 0)
#1 C:\xampp\htdocs\code\system\Database\BaseConnection.php(738): CodeIgniter\Database\MySQLi\Connection->execute('SELECT `produto...')
#2 C:\xampp\htdocs\code\system\Database\BaseConnection.php(652): CodeIgniter\Database\BaseConnection->simpleQuery('SELECT `produto...')
#3 C:\xampp\htdocs\code\system\Database\BaseBuilder.php(1649): CodeIgniter\Database\BaseConnection->query('SELECT `produto...', Array, false)
#4 C:\xampp\htdocs\code\system\Model.php(210): CodeIgniter\Database\BaseBuilder->get()
#5 C:\xampp\htdocs\code\system\BaseModel.php(609): CodeIgniter\Model->doFind(true, '7')
#6 C:\xampp\htdocs\code\app\Controllers\LojaController.php(29): CodeIgniter\BaseModel->find('7')
#7 C:\xampp\htdocs\code\system\CodeIgniter.php(933): App\Controllers\LojaController->detalhes('7')
#8 C:\xampp\htdocs\code\system\CodeIgniter.php(507): CodeIgniter\CodeIgniter->runController(Object(App\Controllers\LojaController))
#9 C:\xampp\htdocs\code\system\CodeIgniter.php(354): CodeIgniter\CodeIgniter->handleRequest(NULL, Object(Config\Cache), false)
#10 C:\xampp\htdocs\code\system\Boot.php(334): CodeIgniter\CodeIgniter->run()
#11 C:\xampp\htdocs\code\system\Boot.php(67): CodeIgniter\Boot::runCodeIgniter(Object(CodeIgniter\CodeIgniter))
#12 C:\xampp\htdocs\code\public\index.php(56): CodeIgniter\Boot::bootWeb(Object(Config\Paths))
#13 {main}
CRITICAL - 2025-06-08 13:48:21 --> CodeIgniter\Database\Exceptions\DatabaseException: Unknown column 'usuarios.nome' in 'field list'
[Method: GET, Route: produtos/detalhes/7]
in SYSTEMPATH\Database\BaseConnection.php on line 692.
 1 SYSTEMPATH\Database\BaseBuilder.php(1649): CodeIgniter\Database\BaseConnection->query('SELECT `produtos`.*, `usuarios`.`nome` as `nome_vendedor`
FROM `produtos`
LEFT JOIN `usuarios` ON `usuarios`.`id` = `produtos`.`usuario_id`
WHERE `produtos`.`id` = :produtos.id:', [...], false)
 2 SYSTEMPATH\Model.php(210): CodeIgniter\Database\BaseBuilder->get()
 3 SYSTEMPATH\BaseModel.php(609): CodeIgniter\Model->doFind(true, '7')
 4 APPPATH\Controllers\LojaController.php(29): CodeIgniter\BaseModel->find('7')
 5 SYSTEMPATH\CodeIgniter.php(933): App\Controllers\LojaController->detalhes('7')
 6 SYSTEMPATH\CodeIgniter.php(507): CodeIgniter\CodeIgniter->runController(Object(App\Controllers\LojaController))
 7 SYSTEMPATH\CodeIgniter.php(354): CodeIgniter\CodeIgniter->handleRequest(null, Object(Config\Cache), false)
 8 SYSTEMPATH\Boot.php(334): CodeIgniter\CodeIgniter->run()
 9 SYSTEMPATH\Boot.php(67): CodeIgniter\Boot::runCodeIgniter(Object(CodeIgniter\CodeIgniter))
10 FCPATH\index.php(56): CodeIgniter\Boot::bootWeb(Object(Config\Paths))
CRITICAL - 2025-06-08 13:48:21 --> [Caused by] CodeIgniter\Database\Exceptions\DatabaseException: Unknown column 'usuarios.nome' in 'field list'
in SYSTEMPATH\Database\MySQLi\Connection.php on line 332.
 1 SYSTEMPATH\Database\BaseConnection.php(738): CodeIgniter\Database\MySQLi\Connection->execute('SELECT `produtos`.*, `usuarios`.`nome` as `nome_vendedor`
FROM `produtos`
LEFT JOIN `usuarios` ON `usuarios`.`id` = `produtos`.`usuario_id`
WHERE `produtos`.`id` = \'7\'')
 2 SYSTEMPATH\Database\BaseConnection.php(652): CodeIgniter\Database\BaseConnection->simpleQuery('SELECT `produtos`.*, `usuarios`.`nome` as `nome_vendedor`
FROM `produtos`
LEFT JOIN `usuarios` ON `usuarios`.`id` = `produtos`.`usuario_id`
WHERE `produtos`.`id` = \'7\'')
 3 SYSTEMPATH\Database\BaseBuilder.php(1649): CodeIgniter\Database\BaseConnection->query('SELECT `produtos`.*, `usuarios`.`nome` as `nome_vendedor`
FROM `produtos`
LEFT JOIN `usuarios` ON `usuarios`.`id` = `produtos`.`usuario_id`
WHERE `produtos`.`id` = :produtos.id:', [...], false)
 4 SYSTEMPATH\Model.php(210): CodeIgniter\Database\BaseBuilder->get()
 5 SYSTEMPATH\BaseModel.php(609): CodeIgniter\Model->doFind(true, '7')
 6 APPPATH\Controllers\LojaController.php(29): CodeIgniter\BaseModel->find('7')
 7 SYSTEMPATH\CodeIgniter.php(933): App\Controllers\LojaController->detalhes('7')
 8 SYSTEMPATH\CodeIgniter.php(507): CodeIgniter\CodeIgniter->runController(Object(App\Controllers\LojaController))
 9 SYSTEMPATH\CodeIgniter.php(354): CodeIgniter\CodeIgniter->handleRequest(null, Object(Config\Cache), false)
10 SYSTEMPATH\Boot.php(334): CodeIgniter\CodeIgniter->run()
11 SYSTEMPATH\Boot.php(67): CodeIgniter\Boot::runCodeIgniter(Object(CodeIgniter\CodeIgniter))
12 FCPATH\index.php(56): CodeIgniter\Boot::bootWeb(Object(Config\Paths))
CRITICAL - 2025-06-08 13:48:21 --> [Caused by] mysqli_sql_exception: Unknown column 'usuarios.nome' in 'field list'
in SYSTEMPATH\Database\MySQLi\Connection.php on line 327.
 1 SYSTEMPATH\Database\MySQLi\Connection.php(327): mysqli->query('SELECT `produtos`.*, `usuarios`.`nome` as `nome_vendedor`
FROM `produtos`
LEFT JOIN `usuarios` ON `usuarios`.`id` = `produtos`.`usuario_id`
WHERE `produtos`.`id` = \'7\'', 0)
 2 SYSTEMPATH\Database\BaseConnection.php(738): CodeIgniter\Database\MySQLi\Connection->execute('SELECT `produtos`.*, `usuarios`.`nome` as `nome_vendedor`
FROM `produtos`
LEFT JOIN `usuarios` ON `usuarios`.`id` = `produtos`.`usuario_id`
WHERE `produtos`.`id` = \'7\'')
 3 SYSTEMPATH\Database\BaseConnection.php(652): CodeIgniter\Database\BaseConnection->simpleQuery('SELECT `produtos`.*, `usuarios`.`nome` as `nome_vendedor`
FROM `produtos`
LEFT JOIN `usuarios` ON `usuarios`.`id` = `produtos`.`usuario_id`
WHERE `produtos`.`id` = \'7\'')
 4 SYSTEMPATH\Database\BaseBuilder.php(1649): CodeIgniter\Database\BaseConnection->query('SELECT `produtos`.*, `usuarios`.`nome` as `nome_vendedor`
FROM `produtos`
LEFT JOIN `usuarios` ON `usuarios`.`id` = `produtos`.`usuario_id`
WHERE `produtos`.`id` = :produtos.id:', [...], false)
 5 SYSTEMPATH\Model.php(210): CodeIgniter\Database\BaseBuilder->get()
 6 SYSTEMPATH\BaseModel.php(609): CodeIgniter\Model->doFind(true, '7')
 7 APPPATH\Controllers\LojaController.php(29): CodeIgniter\BaseModel->find('7')
 8 SYSTEMPATH\CodeIgniter.php(933): App\Controllers\LojaController->detalhes('7')
 9 SYSTEMPATH\CodeIgniter.php(507): CodeIgniter\CodeIgniter->runController(Object(App\Controllers\LojaController))
10 SYSTEMPATH\CodeIgniter.php(354): CodeIgniter\CodeIgniter->handleRequest(null, Object(Config\Cache), false)
11 SYSTEMPATH\Boot.php(334): CodeIgniter\CodeIgniter->run()
12 SYSTEMPATH\Boot.php(67): CodeIgniter\Boot::runCodeIgniter(Object(CodeIgniter\CodeIgniter))
13 FCPATH\index.php(56): CodeIgniter\Boot::bootWeb(Object(Config\Paths))
CRITICAL - 2025-06-08 13:49:57 --> CodeIgniter\View\Exceptions\ViewException: Invalid file: "produtos/detalhes.php"
[Method: GET, Route: produtos/detalhes/7]
in SYSTEMPATH\Exceptions\FrameworkException.php on line 39.
 1 SYSTEMPATH\View\View.php(212): CodeIgniter\Exceptions\FrameworkException::forInvalidFile('produtos/detalhes.php')
 2 SYSTEMPATH\Common.php(1173): CodeIgniter\View\View->render('produtos/detalhes', [], true)
 3 APPPATH\Controllers\LojaController.php(40): view('produtos/detalhes', [...])
 4 SYSTEMPATH\CodeIgniter.php(933): App\Controllers\LojaController->detalhes('7')
 5 SYSTEMPATH\CodeIgniter.php(507): CodeIgniter\CodeIgniter->runController(Object(App\Controllers\LojaController))
 6 SYSTEMPATH\CodeIgniter.php(354): CodeIgniter\CodeIgniter->handleRequest(null, Object(Config\Cache), false)
 7 SYSTEMPATH\Boot.php(334): CodeIgniter\CodeIgniter->run()
 8 SYSTEMPATH\Boot.php(67): CodeIgniter\Boot::runCodeIgniter(Object(CodeIgniter\CodeIgniter))
 9 FCPATH\index.php(56): CodeIgniter\Boot::bootWeb(Object(Config\Paths))
CRITICAL - 2025-06-08 13:50:56 --> CodeIgniter\View\Exceptions\ViewException: Invalid file: "produtos/detalhes.php"
[Method: GET, Route: produtos/detalhes/7]
in SYSTEMPATH\Exceptions\FrameworkException.php on line 39.
 1 SYSTEMPATH\View\View.php(212): CodeIgniter\Exceptions\FrameworkException::forInvalidFile('produtos/detalhes.php')
 2 SYSTEMPATH\Common.php(1173): CodeIgniter\View\View->render('produtos/detalhes', [], true)
 3 APPPATH\Controllers\LojaController.php(40): view('produtos/detalhes', [...])
 4 SYSTEMPATH\CodeIgniter.php(933): App\Controllers\LojaController->detalhes('7')
 5 SYSTEMPATH\CodeIgniter.php(507): CodeIgniter\CodeIgniter->runController(Object(App\Controllers\LojaController))
 6 SYSTEMPATH\CodeIgniter.php(354): CodeIgniter\CodeIgniter->handleRequest(null, Object(Config\Cache), false)
 7 SYSTEMPATH\Boot.php(334): CodeIgniter\CodeIgniter->run()
 8 SYSTEMPATH\Boot.php(67): CodeIgniter\Boot::runCodeIgniter(Object(CodeIgniter\CodeIgniter))
 9 FCPATH\index.php(56): CodeIgniter\Boot::bootWeb(Object(Config\Paths))
CRITICAL - 2025-06-08 13:51:19 --> CodeIgniter\View\Exceptions\ViewException: Invalid file: "publico/detalhes.php"
[Method: GET, Route: produtos/detalhes/7]
in SYSTEMPATH\Exceptions\FrameworkException.php on line 39.
 1 SYSTEMPATH\View\View.php(212): CodeIgniter\Exceptions\FrameworkException::forInvalidFile('publico/detalhes.php')
 2 SYSTEMPATH\Common.php(1173): CodeIgniter\View\View->render('publico/detalhes', [], true)
 3 APPPATH\Controllers\LojaController.php(40): view('publico/detalhes', [...])
 4 SYSTEMPATH\CodeIgniter.php(933): App\Controllers\LojaController->detalhes('7')
 5 SYSTEMPATH\CodeIgniter.php(507): CodeIgniter\CodeIgniter->runController(Object(App\Controllers\LojaController))
 6 SYSTEMPATH\CodeIgniter.php(354): CodeIgniter\CodeIgniter->handleRequest(null, Object(Config\Cache), false)
 7 SYSTEMPATH\Boot.php(334): CodeIgniter\CodeIgniter->run()
 8 SYSTEMPATH\Boot.php(67): CodeIgniter\Boot::runCodeIgniter(Object(CodeIgniter\CodeIgniter))
 9 FCPATH\index.php(56): CodeIgniter\Boot::bootWeb(Object(Config\Paths))
CRITICAL - 2025-06-08 13:52:19 --> CodeIgniter\View\Exceptions\ViewException: Invalid file: "publico/detalhes.php"
[Method: GET, Route: produtos/detalhes/7]
in SYSTEMPATH\Exceptions\FrameworkException.php on line 39.
 1 SYSTEMPATH\View\View.php(212): CodeIgniter\Exceptions\FrameworkException::forInvalidFile('publico/detalhes.php')
 2 SYSTEMPATH\Common.php(1173): CodeIgniter\View\View->render('publico/detalhes', [], true)
 3 APPPATH\Controllers\LojaController.php(40): view('publico/detalhes', [...])
 4 SYSTEMPATH\CodeIgniter.php(933): App\Controllers\LojaController->detalhes('7')
 5 SYSTEMPATH\CodeIgniter.php(507): CodeIgniter\CodeIgniter->runController(Object(App\Controllers\LojaController))
 6 SYSTEMPATH\CodeIgniter.php(354): CodeIgniter\CodeIgniter->handleRequest(null, Object(Config\Cache), false)
 7 SYSTEMPATH\Boot.php(334): CodeIgniter\CodeIgniter->run()
 8 SYSTEMPATH\Boot.php(67): CodeIgniter\Boot::runCodeIgniter(Object(CodeIgniter\CodeIgniter))
 9 FCPATH\index.php(56): CodeIgniter\Boot::bootWeb(Object(Config\Paths))
CRITICAL - 2025-06-08 13:52:24 --> CodeIgniter\View\Exceptions\ViewException: Invalid file: "publico/detalhes.php"
[Method: GET, Route: produtos/detalhes/7]
in SYSTEMPATH\Exceptions\FrameworkException.php on line 39.
 1 SYSTEMPATH\View\View.php(212): CodeIgniter\Exceptions\FrameworkException::forInvalidFile('publico/detalhes.php')
 2 SYSTEMPATH\Common.php(1173): CodeIgniter\View\View->render('publico/detalhes', [], true)
 3 APPPATH\Controllers\LojaController.php(40): view('publico/detalhes', [...])
 4 SYSTEMPATH\CodeIgniter.php(933): App\Controllers\LojaController->detalhes('7')
 5 SYSTEMPATH\CodeIgniter.php(507): CodeIgniter\CodeIgniter->runController(Object(App\Controllers\LojaController))
 6 SYSTEMPATH\CodeIgniter.php(354): CodeIgniter\CodeIgniter->handleRequest(null, Object(Config\Cache), false)
 7 SYSTEMPATH\Boot.php(334): CodeIgniter\CodeIgniter->run()
 8 SYSTEMPATH\Boot.php(67): CodeIgniter\Boot::runCodeIgniter(Object(CodeIgniter\CodeIgniter))
 9 FCPATH\index.php(56): CodeIgniter\Boot::bootWeb(Object(Config\Paths))
CRITICAL - 2025-06-08 13:52:55 --> ErrorException: Undefined array key "estoque"
[Method: GET, Route: produtos/detalhes/7]
in APPPATH\Views\publico\Detalhe.php on line 67.
 1 APPPATH\Views\publico\Detalhe.php(67): CodeIgniter\Debug\Exceptions->errorHandler(2, 'Undefined array key "estoque"', 'C:\\xampp\\htdocs\\code\\app\\Views\\publico\\Detalhe.php', 67)
 2 SYSTEMPATH\View\View.php(224): include('C:\\xampp\\htdocs\\code\\app\\Views\\publico\\Detalhe.php')
 3 SYSTEMPATH\View\View.php(227): CodeIgniter\View\View->CodeIgniter\View\{closure}()
 4 SYSTEMPATH\Common.php(1173): CodeIgniter\View\View->render('publico/detalhe', [], true)
 5 APPPATH\Controllers\LojaController.php(40): view('publico/detalhe', [...])
 6 SYSTEMPATH\CodeIgniter.php(933): App\Controllers\LojaController->detalhes('7')
 7 SYSTEMPATH\CodeIgniter.php(507): CodeIgniter\CodeIgniter->runController(Object(App\Controllers\LojaController))
 8 SYSTEMPATH\CodeIgniter.php(354): CodeIgniter\CodeIgniter->handleRequest(null, Object(Config\Cache), false)
 9 SYSTEMPATH\Boot.php(334): CodeIgniter\CodeIgniter->run()
10 SYSTEMPATH\Boot.php(67): CodeIgniter\Boot::runCodeIgniter(Object(CodeIgniter\CodeIgniter))
11 FCPATH\index.php(56): CodeIgniter\Boot::bootWeb(Object(Config\Paths))
CRITICAL - 2025-06-08 13:53:35 --> CodeIgniter\View\Exceptions\ViewException: Invalid file: "produtos/loja.php"
[Method: GET, Route: loja/1]
in SYSTEMPATH\Exceptions\FrameworkException.php on line 39.
 1 SYSTEMPATH\View\View.php(212): CodeIgniter\Exceptions\FrameworkException::forInvalidFile('produtos/loja.php')
 2 SYSTEMPATH\Common.php(1173): CodeIgniter\View\View->render('produtos/loja', [], true)
 3 APPPATH\Controllers\LojaController.php(59): view('produtos/loja', [...])
 4 SYSTEMPATH\CodeIgniter.php(933): App\Controllers\LojaController->loja('1')
 5 SYSTEMPATH\CodeIgniter.php(507): CodeIgniter\CodeIgniter->runController(Object(App\Controllers\LojaController))
 6 SYSTEMPATH\CodeIgniter.php(354): CodeIgniter\CodeIgniter->handleRequest(null, Object(Config\Cache), false)
 7 SYSTEMPATH\Boot.php(334): CodeIgniter\CodeIgniter->run()
 8 SYSTEMPATH\Boot.php(67): CodeIgniter\Boot::runCodeIgniter(Object(CodeIgniter\CodeIgniter))
 9 FCPATH\index.php(56): CodeIgniter\Boot::bootWeb(Object(Config\Paths))
CRITICAL - 2025-06-08 13:53:55 --> ErrorException: Undefined array key "nome"
[Method: GET, Route: loja/1]
in APPPATH\Views\publico\Loja.php on line 1.
 1 APPPATH\Views\publico\Loja.php(1): CodeIgniter\Debug\Exceptions->errorHandler(2, 'Undefined array key "nome"', 'C:\\xampp\\htdocs\\code\\app\\Views\\publico\\Loja.php', 1)
 2 SYSTEMPATH\View\View.php(224): include('C:\\xampp\\htdocs\\code\\app\\Views\\publico\\Loja.php')
 3 SYSTEMPATH\View\View.php(227): CodeIgniter\View\View->CodeIgniter\View\{closure}()
 4 SYSTEMPATH\Common.php(1173): CodeIgniter\View\View->render('publico/loja', [], true)
 5 APPPATH\Controllers\LojaController.php(59): view('publico/loja', [...])
 6 SYSTEMPATH\CodeIgniter.php(933): App\Controllers\LojaController->loja('1')
 7 SYSTEMPATH\CodeIgniter.php(507): CodeIgniter\CodeIgniter->runController(Object(App\Controllers\LojaController))
 8 SYSTEMPATH\CodeIgniter.php(354): CodeIgniter\CodeIgniter->handleRequest(null, Object(Config\Cache), false)
 9 SYSTEMPATH\Boot.php(334): CodeIgniter\CodeIgniter->run()
10 SYSTEMPATH\Boot.php(67): CodeIgniter\Boot::runCodeIgniter(Object(CodeIgniter\CodeIgniter))
11 FCPATH\index.php(56): CodeIgniter\Boot::bootWeb(Object(Config\Paths))
DEBUG - 2025-06-08 13:59:47 --> Session: Class initialized using 'CodeIgniter\Session\Handlers\FileHandler' driver.
DEBUG - 2025-06-08 13:59:53 --> Session: Class initialized using 'CodeIgniter\Session\Handlers\FileHandler' driver.
DEBUG - 2025-06-08 13:59:53 --> Session: Class initialized using 'CodeIgniter\Session\Handlers\FileHandler' driver.
DEBUG - 2025-06-08 13:59:57 --> Session: Class initialized using 'CodeIgniter\Session\Handlers\FileHandler' driver.
DEBUG - 2025-06-08 14:02:07 --> Session: Class initialized using 'CodeIgniter\Session\Handlers\FileHandler' driver.
DEBUG - 2025-06-08 14:02:24 --> Session: Class initialized using 'CodeIgniter\Session\Handlers\FileHandler' driver.
DEBUG - 2025-06-08 14:02:25 --> Session: Class initialized using 'CodeIgniter\Session\Handlers\FileHandler' driver.
DEBUG - 2025-06-08 14:02:29 --> Session: Class initialized using 'CodeIgniter\Session\Handlers\FileHandler' driver.
DEBUG - 2025-06-08 14:03:21 --> Session: Class initialized using 'CodeIgniter\Session\Handlers\FileHandler' driver.
DEBUG - 2025-06-08 14:03:28 --> Session: Class initialized using 'CodeIgniter\Session\Handlers\FileHandler' driver.
DEBUG - 2025-06-08 14:03:28 --> Session: Class initialized using 'CodeIgniter\Session\Handlers\FileHandler' driver.
DEBUG - 2025-06-08 14:03:32 --> Session: Class initialized using 'CodeIgniter\Session\Handlers\FileHandler' driver.
DEBUG - 2025-06-08 14:03:32 --> Session: Class initialized using 'CodeIgniter\Session\Handlers\FileHandler' driver.
CRITICAL - 2025-06-08 14:10:00 --> ErrorException: Undefined variable $produtos
[Method: GET, Route: produtos/detalhes/8]
in APPPATH\Views\publico\Detalhe.php on line 116.
 1 APPPATH\Views\publico\Detalhe.php(116): CodeIgniter\Debug\Exceptions->errorHandler(2, 'Undefined variable $produtos', 'C:\\xampp\\htdocs\\code\\app\\Views\\publico\\Detalhe.php', 116)
 2 SYSTEMPATH\View\View.php(224): include('C:\\xampp\\htdocs\\code\\app\\Views\\publico\\Detalhe.php')
 3 SYSTEMPATH\View\View.php(227): CodeIgniter\View\View->CodeIgniter\View\{closure}()
 4 SYSTEMPATH\Common.php(1173): CodeIgniter\View\View->render('publico/detalhe', [], true)
 5 APPPATH\Controllers\LojaController.php(39): view('publico/detalhe', [...])
 6 SYSTEMPATH\CodeIgniter.php(933): App\Controllers\LojaController->detalhes('8')
 7 SYSTEMPATH\CodeIgniter.php(507): CodeIgniter\CodeIgniter->runController(Object(App\Controllers\LojaController))
 8 SYSTEMPATH\CodeIgniter.php(354): CodeIgniter\CodeIgniter->handleRequest(null, Object(Config\Cache), false)
 9 SYSTEMPATH\Boot.php(334): CodeIgniter\CodeIgniter->run()
10 SYSTEMPATH\Boot.php(67): CodeIgniter\Boot::runCodeIgniter(Object(CodeIgniter\CodeIgniter))
11 FCPATH\index.php(56): CodeIgniter\Boot::bootWeb(Object(Config\Paths))
CRITICAL - 2025-06-08 14:10:39 --> ErrorException: Undefined variable $produtos
[Method: GET, Route: produtos/detalhes/8]
in APPPATH\Views\publico\Detalhe.php on line 116.
 1 APPPATH\Views\publico\Detalhe.php(116): CodeIgniter\Debug\Exceptions->errorHandler(2, 'Undefined variable $produtos', 'C:\\xampp\\htdocs\\code\\app\\Views\\publico\\Detalhe.php', 116)
 2 SYSTEMPATH\View\View.php(224): include('C:\\xampp\\htdocs\\code\\app\\Views\\publico\\Detalhe.php')
 3 SYSTEMPATH\View\View.php(227): CodeIgniter\View\View->CodeIgniter\View\{closure}()
 4 SYSTEMPATH\Common.php(1173): CodeIgniter\View\View->render('publico/detalhe', [], true)
 5 APPPATH\Controllers\LojaController.php(39): view('publico/detalhe', [...])
 6 SYSTEMPATH\CodeIgniter.php(933): App\Controllers\LojaController->detalhes('8')
 7 SYSTEMPATH\CodeIgniter.php(507): CodeIgniter\CodeIgniter->runController(Object(App\Controllers\LojaController))
 8 SYSTEMPATH\CodeIgniter.php(354): CodeIgniter\CodeIgniter->handleRequest(null, Object(Config\Cache), false)
 9 SYSTEMPATH\Boot.php(334): CodeIgniter\CodeIgniter->run()
10 SYSTEMPATH\Boot.php(67): CodeIgniter\Boot::runCodeIgniter(Object(CodeIgniter\CodeIgniter))
11 FCPATH\index.php(56): CodeIgniter\Boot::bootWeb(Object(Config\Paths))
CRITICAL - 2025-06-08 14:10:51 --> ErrorException: Undefined variable $produtos
[Method: GET, Route: produtos/detalhes/8]
in APPPATH\Views\publico\Detalhe.php on line 116.
 1 APPPATH\Views\publico\Detalhe.php(116): CodeIgniter\Debug\Exceptions->errorHandler(2, 'Undefined variable $produtos', 'C:\\xampp\\htdocs\\code\\app\\Views\\publico\\Detalhe.php', 116)
 2 SYSTEMPATH\View\View.php(224): include('C:\\xampp\\htdocs\\code\\app\\Views\\publico\\Detalhe.php')
 3 SYSTEMPATH\View\View.php(227): CodeIgniter\View\View->CodeIgniter\View\{closure}()
 4 SYSTEMPATH\Common.php(1173): CodeIgniter\View\View->render('publico/detalhe', [], true)
 5 APPPATH\Controllers\LojaController.php(39): view('publico/detalhe', [...])
 6 SYSTEMPATH\CodeIgniter.php(933): App\Controllers\LojaController->detalhes('8')
 7 SYSTEMPATH\CodeIgniter.php(507): CodeIgniter\CodeIgniter->runController(Object(App\Controllers\LojaController))
 8 SYSTEMPATH\CodeIgniter.php(354): CodeIgniter\CodeIgniter->handleRequest(null, Object(Config\Cache), false)
 9 SYSTEMPATH\Boot.php(334): CodeIgniter\CodeIgniter->run()
10 SYSTEMPATH\Boot.php(67): CodeIgniter\Boot::runCodeIgniter(Object(CodeIgniter\CodeIgniter))
11 FCPATH\index.php(56): CodeIgniter\Boot::bootWeb(Object(Config\Paths))
CRITICAL - 2025-06-08 14:12:30 --> ErrorException: Undefined variable $pager
[Method: GET, Route: produtos/detalhes/7]
in APPPATH\Views\publico\Detalhe.php on line 145.
 1 APPPATH\Views\publico\Detalhe.php(145): CodeIgniter\Debug\Exceptions->errorHandler(2, 'Undefined variable $pager', 'C:\\xampp\\htdocs\\code\\app\\Views\\publico\\Detalhe.php', 145)
 2 SYSTEMPATH\View\View.php(224): include('C:\\xampp\\htdocs\\code\\app\\Views\\publico\\Detalhe.php')
 3 SYSTEMPATH\View\View.php(227): CodeIgniter\View\View->CodeIgniter\View\{closure}()
 4 SYSTEMPATH\Common.php(1173): CodeIgniter\View\View->render('publico/detalhe', [], true)
 5 APPPATH\Controllers\LojaController.php(45): view('publico/detalhe', [...])
 6 SYSTEMPATH\CodeIgniter.php(933): App\Controllers\LojaController->detalhes('7')
 7 SYSTEMPATH\CodeIgniter.php(507): CodeIgniter\CodeIgniter->runController(Object(App\Controllers\LojaController))
 8 SYSTEMPATH\CodeIgniter.php(354): CodeIgniter\CodeIgniter->handleRequest(null, Object(Config\Cache), false)
 9 SYSTEMPATH\Boot.php(334): CodeIgniter\CodeIgniter->run()
10 SYSTEMPATH\Boot.php(67): CodeIgniter\Boot::runCodeIgniter(Object(CodeIgniter\CodeIgniter))
11 FCPATH\index.php(56): CodeIgniter\Boot::bootWeb(Object(Config\Paths))
ERROR - 2025-06-08 14:31:04 --> mysqli_sql_exception: Table 'pedidos' already exists in C:\xampp\htdocs\code\system\Database\MySQLi\Connection.php:327
Stack trace:
#0 C:\xampp\htdocs\code\system\Database\MySQLi\Connection.php(327): mysqli->query('CREATE TABLE `p...', 0)
#1 C:\xampp\htdocs\code\system\Database\BaseConnection.php(738): CodeIgniter\Database\MySQLi\Connection->execute('CREATE TABLE `p...')
#2 C:\xampp\htdocs\code\system\Database\BaseConnection.php(652): CodeIgniter\Database\BaseConnection->simpleQuery('CREATE TABLE `p...')
#3 C:\xampp\htdocs\code\system\Database\Forge.php(570): CodeIgniter\Database\BaseConnection->query('CREATE TABLE `p...')
#4 C:\xampp\htdocs\code\app\Database\Migrations\2025-06-08-143036_AddCarrinho.php(41): CodeIgniter\Database\Forge->createTable('pedidos')
#5 C:\xampp\htdocs\code\system\Database\MigrationRunner.php(866): App\Database\Migrations\Carrinho->up()
#6 C:\xampp\htdocs\code\system\Database\MigrationRunner.php(182): CodeIgniter\Database\MigrationRunner->migrate('up', Object(stdClass))
#7 C:\xampp\htdocs\code\system\Commands\Database\Migrate.php(85): CodeIgniter\Database\MigrationRunner->latest(NULL)
#8 C:\xampp\htdocs\code\system\CLI\Commands.php(70): CodeIgniter\Commands\Database\Migrate->run(Array)
#9 C:\xampp\htdocs\code\system\CLI\Console.php(48): CodeIgniter\CLI\Commands->run('migrate', Array)
#10 C:\xampp\htdocs\code\system\Boot.php(360): CodeIgniter\CLI\Console->run()
#11 C:\xampp\htdocs\code\system\Boot.php(104): CodeIgniter\Boot::runCommand(Object(CodeIgniter\CLI\Console))
#12 C:\xampp\htdocs\code\spark(84): CodeIgniter\Boot::bootSpark(Object(Config\Paths))
#13 {main}
